<?xml version="1.0" encoding="UTF-8"?>
<!-- Generated by org.testng.reporters.JUnitXMLReporter -->
<testsuite ignored="1" hostname="LAPTOP-MQ0I9AOV" failures="0" tests="2" name="openCartTest" time="11.647" errors="0" timestamp="2023-06-05T00:45:36 IST">
  <testcase classname="testCases.TC_001_AccountRegistrationTest" name="test_account_registration" time="2.092"/>
  <testcase classname="testCases.TC_002_LoginTest" name="test_login" time="0.953"/>
  <testcase classname="testCases.TC_003_LoginDataDrivenTest" name="test_Login" time="0.0">
    <ignored/>
  </testcase> <!-- test_Login -->
</testsuite> <!-- openCartTest -->
