<?xml version="1.0" encoding="UTF-8"?>
<testng-results ignored="1" total="3" passed="2" failed="0" skipped="0">
  <reporter-output>
  </reporter-output>
  <suite started-at="2023-06-04T22:38:51 IST" name="Suite" finished-at="2023-06-04T22:39:00 IST" duration-ms="9277">
    <groups>
      <group name="Master">
        <method signature="TC_001_AccountRegistrationTest.test_account_registration()[pri:0, instance:testCases.TC_001_AccountRegistrationTest@c8c12ac]" name="test_account_registration" class="testCases.TC_001_AccountRegistrationTest"/>
        <method signature="TC_002_LoginTest.test_login()[pri:0, instance:testCases.TC_002_LoginTest@1b7cc17c]" name="test_login" class="testCases.TC_002_LoginTest"/>
      </group> <!-- Master -->
      <group name="Sanity">
        <method signature="TC_002_LoginTest.test_login()[pri:0, instance:testCases.TC_002_LoginTest@1b7cc17c]" name="test_login" class="testCases.TC_002_LoginTest"/>
      </group> <!-- Sanity -->
      <group name="Regression">
        <method signature="TC_001_AccountRegistrationTest.test_account_registration()[pri:0, instance:testCases.TC_001_AccountRegistrationTest@c8c12ac]" name="test_account_registration" class="testCases.TC_001_AccountRegistrationTest"/>
      </group> <!-- Regression -->
    </groups>
    <test started-at="2023-06-04T22:38:51 IST" name="openCartTest" finished-at="2023-06-04T22:39:00 IST" duration-ms="9277">
      <class name="testCases.TC_001_AccountRegistrationTest">
        <test-method is-config="true" signature="setup(java.lang.String)[pri:0, instance:testCases.TC_001_AccountRegistrationTest@c8c12ac]" started-at="2023-06-04T22:38:51 IST" name="setup" finished-at="2023-06-04T22:38:55 IST" duration-ms="3965" status="PASS">
          <params>
            <param index="0">
              <value>
                <![CDATA[chrome]]>
              </value>
            </param>
          </params>
          <reporter-output>
          </reporter-output>
        </test-method> <!-- setup -->
        <test-method signature="test_account_registration()[pri:0, instance:testCases.TC_001_AccountRegistrationTest@c8c12ac]" started-at="2023-06-04T22:38:55 IST" name="test_account_registration" finished-at="2023-06-04T22:38:57 IST" duration-ms="1811" status="PASS">
          <reporter-output>
          </reporter-output>
        </test-method> <!-- test_account_registration -->
        <test-method is-config="true" signature="tear_down()[pri:0, instance:testCases.TC_001_AccountRegistrationTest@c8c12ac]" started-at="2023-06-04T22:38:57 IST" name="tear_down" finished-at="2023-06-04T22:38:57 IST" duration-ms="370" status="PASS">
          <reporter-output>
          </reporter-output>
        </test-method> <!-- tear_down -->
      </class> <!-- testCases.TC_001_AccountRegistrationTest -->
      <class name="testCases.TC_002_LoginTest">
        <test-method is-config="true" signature="setup(java.lang.String)[pri:0, instance:testCases.TC_002_LoginTest@1b7cc17c]" started-at="2023-06-04T22:38:57 IST" name="setup" finished-at="2023-06-04T22:38:59 IST" duration-ms="1706" status="PASS">
          <params>
            <param index="0">
              <value>
                <![CDATA[chrome]]>
              </value>
            </param>
          </params>
          <reporter-output>
          </reporter-output>
        </test-method> <!-- setup -->
        <test-method signature="test_login()[pri:0, instance:testCases.TC_002_LoginTest@1b7cc17c]" started-at="2023-06-04T22:38:59 IST" name="test_login" finished-at="2023-06-04T22:39:00 IST" duration-ms="775" status="PASS">
          <reporter-output>
          </reporter-output>
        </test-method> <!-- test_login -->
        <test-method is-config="true" signature="tear_down()[pri:0, instance:testCases.TC_002_LoginTest@1b7cc17c]" started-at="2023-06-04T22:39:00 IST" name="tear_down" finished-at="2023-06-04T22:39:00 IST" duration-ms="273" status="PASS">
          <reporter-output>
          </reporter-output>
        </test-method> <!-- tear_down -->
      </class> <!-- testCases.TC_002_LoginTest -->
    </test> <!-- openCartTest -->
  </suite> <!-- Suite -->
</testng-results>
